java.net.preferIPv4Stack=true
Installing server to current directory
MESSAGE: Data kindly mirrored by Forge at http://MinecraftForge.net/
MESSAGE: Considering minecraft server jar
MESSAGE: Downloading minecraft server version 1.12.2
  ETag: 71728ed3fbd0acd1394bf3ade2649a5c
  MD5:  71728ed3fbd0acd1394bf3ade2649a5c
MESSAGE: Considering library net.minecraftforge:forge:1.12.2-14.23.5.2838: Not Downloading {Wrong Side}
MESSAGE: Considering library net.minecraft:launchwrapper:1.12
MESSAGE: Considering library org.ow2.asm:asm-all:5.2
MESSAGE: Considering library org.jline:jline:3.5.1
MESSAGE: Considering library net.java.dev.jna:jna:4.4.0
MESSAGE: Considering library com.typesafe.akka:akka-actor_2.11:2.3.3
Checking "C:\portable\MultiMC\SkyFactory_4_Server_4.0.8\.\libraries\com\typesafe\akka\akka-actor_2.11\2.3.3\akka-actor_2.11-2.3.3.jar" internal checksums
    checksums.sha1 validated successfully
    Jar contents validated successfully
MESSAGE: Considering library com.typesafe:config:1.2.1
Checking "C:\portable\MultiMC\SkyFactory_4_Server_4.0.8\.\libraries\com\typesafe\config\1.2.1\config-1.2.1.jar" internal checksums
    checksums.sha1 validated successfully
    Jar contents validated successfully
MESSAGE: Considering library org.scala-lang:scala-actors-migration_2.11:1.1.0
Checking "C:\portable\MultiMC\SkyFactory_4_Server_4.0.8\.\libraries\org\scala-lang\scala-actors-migration_2.11\1.1.0\scala-actors-migration_2.11-1.1.0.jar" internal checksums
    checksums.sha1 validated successfully
    Jar contents validated successfully
MESSAGE: Considering library org.scala-lang:scala-compiler:2.11.1
Checking "C:\portable\MultiMC\SkyFactory_4_Server_4.0.8\.\libraries\org\scala-lang\scala-compiler\2.11.1\scala-compiler-2.11.1.jar" internal checksums
    checksums.sha1 validated successfully
    Jar contents validated successfully
MESSAGE: Considering library org.scala-lang.plugins:scala-continuations-library_2.11:1.0.2
Checking "C:\portable\MultiMC\SkyFactory_4_Server_4.0.8\.\libraries\org\scala-lang\plugins\scala-continuations-library_2.11\1.0.2\scala-continuations-library_2.11-1.0.2.jar" internal checksums
    checksums.sha1 validated successfully
    Jar contents validated successfully
MESSAGE: Considering library org.scala-lang.plugins:scala-continuations-plugin_2.11.1:1.0.2
Checking "C:\portable\MultiMC\SkyFactory_4_Server_4.0.8\.\libraries\org\scala-lang\plugins\scala-continuations-plugin_2.11.1\1.0.2\scala-continuations-plugin_2.11.1-1.0.2.jar" internal checksums
    checksums.sha1 validated successfully
    Jar contents validated successfully
MESSAGE: Considering library org.scala-lang:scala-library:2.11.1
Checking "C:\portable\MultiMC\SkyFactory_4_Server_4.0.8\.\libraries\org\scala-lang\scala-library\2.11.1\scala-library-2.11.1.jar" internal checksums
    checksums.sha1 validated successfully
    Jar contents validated successfully
MESSAGE: Considering library org.scala-lang:scala-parser-combinators_2.11:1.0.1
Checking "C:\portable\MultiMC\SkyFactory_4_Server_4.0.8\.\libraries\org\scala-lang\scala-parser-combinators_2.11\1.0.1\scala-parser-combinators_2.11-1.0.1.jar" internal checksums
    checksums.sha1 validated successfully
    Jar contents validated successfully
MESSAGE: Considering library org.scala-lang:scala-reflect:2.11.1
Checking "C:\portable\MultiMC\SkyFactory_4_Server_4.0.8\.\libraries\org\scala-lang\scala-reflect\2.11.1\scala-reflect-2.11.1.jar" internal checksums
    checksums.sha1 validated successfully
    Jar contents validated successfully
MESSAGE: Considering library org.scala-lang:scala-swing_2.11:1.0.1
Checking "C:\portable\MultiMC\SkyFactory_4_Server_4.0.8\.\libraries\org\scala-lang\scala-swing_2.11\1.0.1\scala-swing_2.11-1.0.1.jar" internal checksums
    checksums.sha1 validated successfully
    Jar contents validated successfully
MESSAGE: Considering library org.scala-lang:scala-xml_2.11:1.0.2
Checking "C:\portable\MultiMC\SkyFactory_4_Server_4.0.8\.\libraries\org\scala-lang\scala-xml_2.11\1.0.2\scala-xml_2.11-1.0.2.jar" internal checksums
    checksums.sha1 validated successfully
    Jar contents validated successfully
MESSAGE: Considering library lzma:lzma:0.0.1
MESSAGE: Considering library net.sf.jopt-simple:jopt-simple:5.0.3
MESSAGE: Considering library java3d:vecmath:1.5.2
MESSAGE: Considering library net.sf.trove4j:trove4j:3.0.3
MESSAGE: Considering library org.apache.maven:maven-artifact:3.5.3
Extracting: /forge-1.12.2-14.23.5.2838-universal.jar
To:          C:\portable\MultiMC\SkyFactory_4_Server_4.0.8\.\forge-1.12.2-14.23.5.2838-universal.jar
The server installed successfully, you should now be able to run the file forge-1.12.2-14.23.5.2838-universal.jar
You can delete this installer file now if you wish
